2022/07/13 09:52:57 [error] [php] Undefined variable: sy (C:\xampp\htdocs\FSISCS\protected\controllers\FacultyController.php:1135)
Stack trace:
#0 C:\xampp\htdocs\FSISCS\framework\web\actions\CInlineAction.php(49): FacultyController->actionAddTimePrefer()
#1 C:\xampp\htdocs\FSISCS\framework\web\CController.php(308): CInlineAction->runWithParams()
#2 C:\xampp\htdocs\FSISCS\framework\web\CController.php(286): FacultyController->runAction()
#3 C:\xampp\htdocs\FSISCS\framework\web\CController.php(265): FacultyController->runActionWithFilters()
#4 C:\xampp\htdocs\FSISCS\framework\web\CWebApplication.php(282): FacultyController->run()
#5 C:\xampp\htdocs\FSISCS\framework\web\CWebApplication.php(141): CWebApplication->runController()
#6 C:\xampp\htdocs\FSISCS\framework\base\CApplication.php(185): CWebApplication->processRequest()
#7 C:\xampp\htdocs\FSISCS\index.php(13): CWebApplication->run()
REQUEST_URI=/FSISCS/index.php?r=faculty/AddTimePrefer
in C:\xampp\htdocs\FSISCS\protected\controllers\FacultyController.php (1135)
in C:\xampp\htdocs\FSISCS\index.php (13)
2022/07/13 09:54:59 [error] [php] session_start(): A session had already been started - ignoring (C:\xampp\htdocs\FSISCS\protected\views\faculty\AddTimePrefer.php:2)
Stack trace:
#0 C:\xampp\htdocs\FSISCS\protected\views\faculty\AddTimePrefer.php(2): session_start()
#1 C:\xampp\htdocs\FSISCS\framework\web\CBaseController.php(126): require()
#2 C:\xampp\htdocs\FSISCS\framework\web\CBaseController.php(95): FacultyController->renderInternal()
#3 C:\xampp\htdocs\FSISCS\framework\web\CController.php(872): FacultyController->renderFile()
#4 C:\xampp\htdocs\FSISCS\framework\web\CController.php(785): FacultyController->renderPartial()
#5 C:\xampp\htdocs\FSISCS\protected\controllers\FacultyController.php(1140): FacultyController->render()
#6 C:\xampp\htdocs\FSISCS\framework\web\actions\CInlineAction.php(49): FacultyController->actionAddTimePrefer()
#7 C:\xampp\htdocs\FSISCS\framework\web\CController.php(308): CInlineAction->runWithParams()
#8 C:\xampp\htdocs\FSISCS\framework\web\CController.php(286): FacultyController->runAction()
#9 C:\xampp\htdocs\FSISCS\framework\web\CController.php(265): FacultyController->runActionWithFilters()
#10 C:\xampp\htdocs\FSISCS\framework\web\CWebApplication.php(282): FacultyController->run()
#11 C:\xampp\htdocs\FSISCS\framework\web\CWebApplication.php(141): CWebApplication->runController()
#12 C:\xampp\htdocs\FSISCS\framework\base\CApplication.php(185): CWebApplication->processRequest()
#13 C:\xampp\htdocs\FSISCS\index.php(13): CWebApplication->run()
REQUEST_URI=/FSISCS/index.php?r=faculty/AddTimePrefer
in C:\xampp\htdocs\FSISCS\protected\views\faculty\AddTimePrefer.php (2)
in C:\xampp\htdocs\FSISCS\protected\controllers\FacultyController.php (1140)
in C:\xampp\htdocs\FSISCS\index.php (13)
2022/07/13 10:07:07 [error] [exception.ParseError] ParseError: syntax error, unexpected 'echo' (T_ECHO) in C:\xampp\htdocs\FSISCS\protected\views\faculty\AddTimePrefer.php:410
Stack trace:
#0 C:\xampp\htdocs\FSISCS\framework\web\CBaseController.php(95): CBaseController->renderInternal('C:\\xampp\\htdocs...', Array, true)
#1 C:\xampp\htdocs\FSISCS\framework\web\CController.php(872): CBaseController->renderFile('C:\\xampp\\htdocs...', Array, true)
#2 C:\xampp\htdocs\FSISCS\framework\web\CController.php(785): CController->renderPartial('AddTimePrefer', Array, true)
#3 C:\xampp\htdocs\FSISCS\protected\controllers\FacultyController.php(1140): CController->render('AddTimePrefer', Array)
#4 C:\xampp\htdocs\FSISCS\framework\web\actions\CInlineAction.php(49): FacultyController->actionAddTimePrefer()
#5 C:\xampp\htdocs\FSISCS\framework\web\CController.php(308): CInlineAction->runWithParams(Array)
#6 C:\xampp\htdocs\FSISCS\framework\web\CController.php(286): CController->runAction(Object(CInlineAction))
#7 C:\xampp\htdocs\FSISCS\framework\web\CController.php(265): CController->runActionWithFilters(Object(CInlineAction), Array)
#8 C:\xampp\htdocs\FSISCS\framework\web\CWebApplication.php(282): CController->run('AddTimePrefer')
#9 C:\xampp\htdocs\FSISCS\framework\web\CWebApplication.php(141): CWebApplication->runController('faculty/AddTime...')
#10 C:\xampp\htdocs\FSISCS\framework\base\CApplication.php(185): CWebApplication->processRequest()
#11 C:\xampp\htdocs\FSISCS\index.php(13): CApplication->run()
#12 {main}
REQUEST_URI=/FSISCS/index.php?r=faculty/AddTimePrefer
HTTP_REFERER=http://localhost/FSISCS/index.php?r=faculty/SubjPrefer
---
2022/07/13 11:08:11 [error] [exception.ParseError] ParseError: syntax error, unexpected ')' in C:\xampp\htdocs\FSISCS\protected\views\faculty\TimePreferProcessADD.php:178
Stack trace:
#0 C:\xampp\htdocs\FSISCS\framework\web\CBaseController.php(95): CBaseController->renderInternal('C:\\xampp\\htdocs...', NULL, true)
#1 C:\xampp\htdocs\FSISCS\framework\web\CController.php(872): CBaseController->renderFile('C:\\xampp\\htdocs...', NULL, true)
#2 C:\xampp\htdocs\FSISCS\framework\web\CController.php(785): CController->renderPartial('TimePreferProce...', NULL, true)
#3 C:\xampp\htdocs\FSISCS\protected\controllers\FacultyController.php(1283): CController->render('TimePreferProce...')
#4 C:\xampp\htdocs\FSISCS\framework\web\actions\CInlineAction.php(49): FacultyController->actionTimePreferProcessADD()
#5 C:\xampp\htdocs\FSISCS\framework\web\CController.php(308): CInlineAction->runWithParams(Array)
#6 C:\xampp\htdocs\FSISCS\framework\web\CController.php(286): CController->runAction(Object(CInlineAction))
#7 C:\xampp\htdocs\FSISCS\framework\web\CController.php(265): CController->runActionWithFilters(Object(CInlineAction), Array)
#8 C:\xampp\htdocs\FSISCS\framework\web\CWebApplication.php(282): CController->run('TimePreferProce...')
#9 C:\xampp\htdocs\FSISCS\framework\web\CWebApplication.php(141): CWebApplication->runController('faculty/TimePre...')
#10 C:\xampp\htdocs\FSISCS\framework\base\CApplication.php(185): CWebApplication->processRequest()
#11 C:\xampp\htdocs\FSISCS\index.php(13): CApplication->run()
#12 {main}
REQUEST_URI=/FSISCS/index.php?r=faculty/TimePreferProcessADD
HTTP_REFERER=http://localhost/FSISCS/index.php?r=faculty/AddTimePrefer&mes=5
---
